#0 building with "default" instance using docker driver

#1 [internal] load build definition from ubuntu-22.04-opencv-full-build.Dockerfile
#1 transferring dockerfile: 4.58kB done
#1 DONE 0.0s

#2 [internal] load metadata for docker.io/library/ubuntu:22.04
#2 DONE 0.0s

#3 [internal] load metadata for docker.io/library/node:22.12
#3 DONE 0.6s

#4 [internal] load .dockerignore
#4 transferring context: 2B done
#4 DONE 0.0s

#5 [frontend 1/3] FROM docker.io/library/node:22.12@sha256:0e910f435308c36ea60b4cfd7b80208044d77a074d16b768a81901ce938a62dc
#5 DONE 0.0s

#6 [opencv_download 1/4] FROM docker.io/library/ubuntu:22.04
#6 DONE 0.0s

#7 [opencv_download 3/4] RUN set -xeu && 	DEBIAN_FRONTEND=noninteractive apt-get install -y curl
#7 CACHED

#8 [backend 3/5] RUN set -xeu &&     DEBIAN_FRONTEND=noninteractive apt-get install -y clang libclang-dev cmake     libatlas-base-dev libceres-dev libeigen3-dev libva-dev     libavcodec-dev libavformat-dev libavutil-dev libswscale-dev
#8 CACHED

#9 [test  6/11] COPY --from=frontend /root/oko /root/oko
#9 CACHED

#10 [opencv_download 2/4] RUN set -xeu &&     apt-get update &&     DEBIAN_FRONTEND=noninteractive apt-get dist-upgrade -y &&     apt-get autoremove -y --purge &&     apt-get -y autoclean
#10 CACHED

#11 [frontend 3/3] RUN set -xeu && 	npm --prefix=/root/oko/frontend ci && 	npm --prefix=/root/oko/frontend run build && 	mkdir -p /root/oko/backend/static && 	cp -r /root/oko/frontend/dist/* /root/oko/backend/static/
#11 CACHED

#12 [test  5/11] COPY --from=backend /opt/opencv /opt/opencv
#12 CACHED

#13 [test  4/11] RUN set -xeu &&     curl --proto '=https' --tlsv1.2 -sSf https://sh.rustup.rs | sh -s -- -y --profile=minimal
#13 CACHED

#14 [backend 4/5] COPY --from=opencv_download /root/dist /root/dist
#14 CACHED

#15 [opencv_download 4/4] RUN set -xeu &&     mkdir -p /root/dist &&     curl -sSfL "https://github.com/opencv/opencv/archive/refs/tags/4.8.0.tar.gz" | tar xz -C /root/dist &&     curl -sSfL "https://github.com/opencv/opencv_contrib/archive/refs/tags/4.8.0.tar.gz" | tar xz -C /root/dist &&     sed -ri 's/Ptr<FarnebackOpticalFlow> cv::cuda::FarnebackOpticalFlow::create/Ptr<cv::cuda::FarnebackOpticalFlow> cv::cuda::FarnebackOpticalFlow::create/' "/root/dist/opencv_contrib-4.8.0/modules/cudaoptflow/src/farneback.cpp" # patch for version 4.8.0
#15 CACHED

#16 [test  3/11] RUN set -xeu &&     DEBIAN_FRONTEND=noninteractive apt-get install -y curl clang libclang-dev     cmake     libavcodec-dev libavformat-dev libavutil-dev libswscale-dev
#16 CACHED

#17 [backend 5/5] RUN set -xeu &&     mkdir -p /root/build &&     cmake -B /root/build -S "/root/dist/opencv-4.8.0" -D OPENCV_EXTRA_MODULES_PATH="/root/dist/opencv_contrib-4.8.0/modules" -D CMAKE_INSTALL_PREFIX=/opt/opencv 		-D CMAKE_BUILD_TYPE=Release     	-D BUILD_SHARED_LIBS=OFF 		-D OPENCV_FORCE_3RDPARTY_BUILD=ON     	-D BUILD_PERF_TESTS=OFF     	-D BUILD_TESTS=OFF 		-D BUILD_opencv_apps=OFF 		-D BUILD_LIST=core,imgcodecs,imgproc,video,videoio     	-D WITH_TIFF=OFF     	-D WITH_OPENEXR=OFF     	-D WITH_WEBP=OFF &&     make -C /root/build -j`nproc` install
#17 CACHED

#18 [frontend 2/3] RUN set -xeu && 	git clone https://github.com/piotrpdev/oko.git /root/oko
#18 CACHED

#19 [test  7/11] RUN set -xeu && 	ls /opt/opencv/lib && 	ls /opt/opencv/lib/opencv4/3rdparty && 	ls /usr/lib/x86_64-linux-gnu && 	ls /opt/opencv/include && 	ls /opt/opencv/include/opencv4 && 	ls /usr/include/x86_64-linux-gnu
#19 CACHED

#20 [test  8/11] RUN set -xeu && 	cd /root/oko/backend && 	cargo build
#20 0.302 + cd /root/oko/backend
#20 0.302 + cargo build
#20 0.378     Updating crates.io index
#20 2.961  Downloading crates ...
#20 3.309   Downloaded foreign-types-shared v0.1.1
#20 3.334   Downloaded icu_provider_macros v1.5.0
#20 3.339   Downloaded equivalent v1.0.1
#20 3.342   Downloaded http-body v1.0.1
#20 3.349   Downloaded tower-layer v0.3.3
#20 3.356   Downloaded tower-service v0.3.3
#20 3.375   Downloaded foreign-types v0.3.2
#20 3.377   Downloaded crc v3.2.1
#20 3.383   Downloaded futures-executor v0.3.31
#20 3.386   Downloaded cpufeatures v0.2.16
#20 3.388   Downloaded fnv v1.0.7
#20 3.390   Downloaded tower-cookies v0.10.0
#20 3.393   Downloaded data-encoding v2.6.0
#20 3.394   Downloaded crc-catalog v2.4.0
#20 3.396   Downloaded byteorder v1.5.0
#20 3.400   Downloaded autocfg v1.4.0
#20 3.403   Downloaded tower-sessions-memory-store v0.13.0
#20 3.405   Downloaded axum-login v0.16.0
#20 3.407   Downloaded generic-array v0.14.7
#20 3.409   Downloaded either v1.13.0
#20 3.412   Downloaded idna_adapter v1.2.0
#20 3.414   Downloaded lazy_static v1.5.0
#20 3.417   Downloaded http-range-header v0.4.2
#20 3.420   Downloaded itoa v1.0.14
#20 3.423   Downloaded fastrand v2.3.0
#20 3.426   Downloaded rust-embed-impl v8.5.0
#20 3.428   Downloaded zerofrom v0.1.5
#20 3.430   Downloaded jobserver v0.1.32
#20 3.433   Downloaded futures-channel v0.3.31
#20 3.436   Downloaded dotenvy v0.15.7
#20 3.439   Downloaded errno v0.3.10
#20 3.441   Downloaded digest v0.10.7
#20 3.444   Downloaded httparse v1.9.5
#20 3.448   Downloaded icu_locid_transform v1.5.0
#20 3.453   Downloaded litemap v0.7.4
#20 3.456   Downloaded icu_locid v1.5.0
#20 3.465   Downloaded same-file v1.0.6
#20 3.467   Downloaded icu_properties v1.5.1
#20 3.472   Downloaded sync_wrapper v1.0.2
#20 3.474   Downloaded rust-embed-utils v8.5.0
#20 3.476   Downloaded tinyvec_macros v0.1.1
#20 3.478   Downloaded der v0.7.9
#20 3.486   Downloaded subtle v2.6.1
#20 3.488   Downloaded write16 v1.0.0
#20 3.490   Downloaded spki v0.7.3
#20 3.493   Downloaded thread_local v1.1.8
#20 3.496   Downloaded sharded-slab v0.1.7
#20 3.502   Downloaded openssl-probe v0.1.5
#20 3.504   Downloaded matchers v0.1.0
#20 3.506   Downloaded tinyvec v1.8.0
#20 3.511   Downloaded idna v1.0.3
#20 3.516   Downloaded hyper v1.5.1
#20 3.528   Downloaded thiserror v2.0.6
#20 3.538   Downloaded sqlx-core v0.8.2
#20 3.550   Downloaded sha1 v0.10.6
#20 3.553   Downloaded sha2 v0.10.8
#20 3.558   Downloaded spin v0.9.8
#20 3.562   Downloaded serde_derive v1.0.216
#20 3.565   Downloaded socket2 v0.5.8
#20 3.569   Downloaded yoke-derive v0.7.5
#20 3.571   Downloaded writeable v0.5.5
#20 3.574   Downloaded serde v1.0.216
#20 3.579   Downloaded pin-utils v0.1.0
#20 3.581   Downloaded time v0.3.37
#20 3.593   Downloaded ppv-lite86 v0.2.20
#20 3.596   Downloaded rand_chacha v0.3.1
#20 3.598   Downloaded percent-encoding v2.3.1
#20 3.600   Downloaded powerfmt v0.2.0
#20 3.603   Downloaded md-5 v0.10.6
#20 3.606   Downloaded utf8_iter v1.0.4
#20 3.608   Downloaded unicase v2.8.0
#20 3.611   Downloaded num-integer v0.1.46
#20 3.613   Downloaded password-auth v1.0.0
#20 3.614   Downloaded parking v2.2.1
#20 3.616   Downloaded zerofrom-derive v0.1.5
#20 3.618   Downloaded version_check v0.9.5
#20 3.620   Downloaded utf16_iter v1.0.5
#20 3.622   Downloaded utf-8 v0.7.6
#20 3.624   Downloaded rustix v0.38.42
#20 3.668   Downloaded sqlx-macros v0.8.2
#20 3.670   Downloaded quote v1.0.37
#20 3.674   Downloaded whoami v1.5.2
#20 3.677   Downloaded once_cell v1.20.2
#20 3.681   Downloaded walkdir v2.5.0
#20 3.684   Downloaded tracing-attributes v0.1.28
#20 3.687   Downloaded rmp-serde v1.3.0
#20 3.690   Downloaded rmp v0.8.14
#20 3.696   Downloaded pin-project-lite v0.2.15
#20 3.703   Downloaded paste v1.0.15
#20 3.707   Downloaded zerocopy-derive v0.7.35
#20 3.713   Downloaded tower-sessions v0.13.0
#20 3.716   Downloaded native-tls v0.2.12
#20 3.720   Downloaded smallvec v1.13.2
#20 3.725   Downloaded unicode-ident v1.0.14
#20 3.731   Downloaded sqlx-macros-core v0.8.2
#20 3.735   Downloaded openssl-sys v0.9.104
#20 3.742   Downloaded tungstenite v0.24.0
#20 3.748   Downloaded rsa v0.9.7
#20 3.757   Downloaded unicode_categories v0.1.1
#20 3.760   Downloaded opencv-binding-generator v0.93.0
#20 3.778   Downloaded regex-automata v0.1.10
#20 3.787   Downloaded zerovec v0.10.4
#20 3.795   Downloaded zerocopy v0.7.35
#20 3.820   Downloaded sqlx v0.8.2
#20 3.842   Downloaded unicode-normalization v0.1.24
#20 3.848   Downloaded tower-http v0.6.2
#20 3.862   Downloaded vcpkg v0.2.15
#20 3.925   Downloaded regex v1.11.1
#20 3.943   Downloaded tracing-subscriber v0.3.19
#20 3.955   Downloaded openssl v0.10.68
#20 3.967   Downloaded regex-syntax v0.6.29
#20 3.976   Downloaded num-bigint-dig v0.8.4
#20 3.982   Downloaded nom v7.1.3
#20 3.989   Downloaded regex-syntax v0.8.5
#20 3.998   Downloaded mio v1.0.3
#20 4.005   Downloaded minimal-lexical v0.2.1
#20 4.011   Downloaded memchr v2.7.4
#20 4.019   Downloaded url v2.5.4
#20 4.023   Downloaded tokio-util v0.7.13
#20 4.033   Downloaded tower v0.5.2
#20 4.049   Downloaded rand v0.8.5
#20 4.056   Downloaded unicode-bidi v0.3.17
#20 4.064   Downloaded tracing v0.1.41
#20 4.069   Downloaded regex-automata v0.4.9
#20 4.092   Downloaded mime_guess v2.0.5
#20 4.094   Downloaded yoke v0.7.5
#20 4.097   Downloaded unicode-properties v0.1.3
#20 4.100   Downloaded tracing-core v0.1.33
#20 4.104   Downloaded proc-macro2 v1.0.92
#20 4.108   Downloaded parking_lot v0.12.3
#20 4.111   Downloaded num-traits v0.2.19
#20 4.115   Downloaded log v0.4.22
#20 4.119   Downloaded typenum v1.17.0
#20 4.123   Downloaded serde_urlencoded v0.7.1
#20 4.126   Downloaded tokio v1.42.0
#20 4.184   Downloaded rand_core v0.6.4
#20 4.186   Downloaded pkcs8 v0.10.2
#20 4.193   Downloaded pkcs1 v0.7.5
#20 4.198   Downloaded linux-raw-sys v0.4.14
#20 4.258   Downloaded pem-rfc7468 v0.7.0
#20 4.261   Downloaded password-hash v0.5.0
#20 4.264   Downloaded rust-embed v8.5.0
#20 4.275   Downloaded parking_lot_core v0.9.10
#20 4.278   Downloaded matchit v0.7.3
#20 4.282   Downloaded libc v0.2.168
#20 4.325   Downloaded openssl-macros v0.1.1
#20 4.327   Downloaded zeroize v1.8.1
#20 4.329   Downloaded sqlx-sqlite v0.8.2
#20 4.336   Downloaded pkg-config v0.3.31
#20 4.340   Downloaded mime v0.3.17
#20 4.342   Downloaded zerovec-derive v0.10.3
#20 4.344   Downloaded sqlx-mysql v0.8.2
#20 4.354   Downloaded num-iter v0.1.45
#20 4.355   Downloaded axum-embed v0.1.0
#20 4.365   Downloaded lock_api v0.4.12
#20 4.367   Downloaded syn v2.0.90
#20 4.380   Downloaded tower-sessions-sqlx-store v0.14.2
#20 4.382   Downloaded tower-sessions-core v0.13.0
#20 4.384   Downloaded tokio-native-tls v0.3.1
#20 4.386   Downloaded serde_path_to_error v0.1.16
#20 4.389   Downloaded rustversion v1.0.18
#20 4.393   Downloaded time-macros v0.2.19
#20 4.396   Downloaded signal-hook-registry v1.4.2
#20 4.398   Downloaded tempfile v3.14.0
#20 4.402   Downloaded synstructure v0.13.1
#20 4.403   Downloaded stringprep v0.1.5
#20 4.405   Downloaded stable_deref_trait v1.2.0
#20 4.407   Downloaded slab v0.4.9
#20 4.409   Downloaded signature v2.2.0
#20 4.411   Downloaded shlex v1.3.0
#20 4.413   Downloaded time-core v0.1.2
#20 4.415   Downloaded thiserror v1.0.69
#20 4.422   Downloaded semver v1.0.23
#20 4.426   Downloaded scopeguard v1.2.0
#20 4.428   Downloaded ryu v1.0.18
#20 4.434   Downloaded tokio-tungstenite v0.24.0
#20 4.438   Downloaded tokio-stream v0.1.17
#20 4.444   Downloaded sqlx-postgres v0.8.2
#20 4.454   Downloaded serde_json v1.0.133
#20 4.465   Downloaded icu_properties_data v1.5.0
#20 4.478   Downloaded chrono v0.4.39
#20 4.487   Downloaded aho-corasick v1.1.3
#20 4.495   Downloaded hashbrown v0.14.5
#20 4.502   Downloaded futures-util v0.3.31
#20 4.518   Downloaded opencv v0.93.5
#20 4.566   Downloaded hkdf v0.12.4
#20 4.569   Downloaded axum v0.7.9
#20 4.580   Downloaded hashbrown v0.15.2
#20 4.586   Downloaded libm v0.2.11
#20 4.596   Downloaded urlencoding v2.1.3
#20 4.598   Downloaded http v1.2.0
#20 4.604   Downloaded thiserror-impl v2.0.6
#20 4.605   Downloaded thiserror-impl v1.0.69
#20 4.607   Downloaded sqlformat v0.2.6
#20 4.609   Downloaded tinystr v0.7.6
#20 4.612   Downloaded indexmap v2.7.0
#20 4.618   Downloaded futures-intrusive v0.5.0
#20 4.624   Downloaded clang v2.0.0
#20 4.627   Downloaded cc v1.2.3
#20 4.632   Downloaded num-conv v0.1.0
#20 4.633   Downloaded base64 v0.22.1
#20 4.639   Downloaded icu_normalizer v1.5.0
#20 4.643   Downloaded icu_collections v1.5.0
#20 4.651   Downloaded hyper-util v0.1.10
#20 4.658   Downloaded icu_locid_transform_data v1.5.0
#20 4.660   Downloaded flume v0.11.1
#20 4.665   Downloaded bytes v1.9.0
#20 4.671   Downloaded allocator-api2 v0.2.21
#20 4.674   Downloaded icu_provider v1.5.0
#20 4.678   Downloaded icu_normalizer_data v1.5.0
#20 4.680   Downloaded hmac v0.12.1
#20 4.683   Downloaded ahash v0.8.11
#20 4.686   Downloaded futures v0.3.31
#20 4.692   Downloaded event-listener v5.3.1
#20 4.695   Downloaded crossbeam-utils v0.8.20
#20 4.699   Downloaded cookie v0.18.1
#20 4.703   Downloaded const-oid v0.9.6
#20 4.706   Downloaded clang-sys v1.8.1
#20 4.710   Downloaded blake2 v0.10.6
#20 4.714   Downloaded bitflags v2.6.0
#20 4.720   Downloaded iana-time-zone v0.1.61
#20 4.723   Downloaded http-body-util v0.1.2
#20 4.726   Downloaded hashlink v0.9.1
#20 4.728   Downloaded crossbeam-queue v0.3.11
#20 4.730   Downloaded getrandom v0.2.15
#20 4.734   Downloaded base64ct v1.6.0
#20 4.738   Downloaded async-trait v0.1.83
#20 4.743   Downloaded displaydoc v0.2.5
#20 4.747   Downloaded argon2 v0.5.3
#20 4.749   Downloaded home v0.5.9
#20 4.751   Downloaded futures-macro v0.3.31
#20 4.752   Downloaded hex v0.4.3
#20 4.755   Downloaded heck v0.5.0
#20 4.756   Downloaded futures-sink v0.3.31
#20 4.758   Downloaded glob v0.3.1
#20 4.760   Downloaded httpdate v1.0.3
#20 4.762   Downloaded futures-task v0.3.31
#20 4.764   Downloaded futures-io v0.3.31
#20 4.766   Downloaded futures-core v0.3.31
#20 4.768   Downloaded form_urlencoded v1.2.1
#20 4.769   Downloaded block-buffer v0.10.4
#20 4.770   Downloaded dunce v1.0.5
#20 4.772   Downloaded tokio-macros v2.4.0
#20 4.774   Downloaded deranged v0.3.11
#20 4.775   Downloaded crypto-common v0.1.6
#20 4.776   Downloaded axum-core v0.4.5
#20 4.779   Downloaded atoi v2.0.0
#20 4.782   Downloaded concurrent-queue v2.5.0
#20 4.785   Downloaded cfg-if v1.0.0
#20 4.789   Downloaded libsqlite3-sys v0.30.1
#20 5.017    Compiling proc-macro2 v1.0.92
#20 5.017    Compiling unicode-ident v1.0.14
#20 5.017    Compiling autocfg v1.4.0
#20 5.017    Compiling libc v0.2.168
#20 5.017    Compiling cfg-if v1.0.0
#20 5.022    Compiling version_check v0.9.5
#20 5.022    Compiling memchr v2.7.4
#20 5.024    Compiling futures-core v0.3.31
#20 5.025    Compiling pin-project-lite v0.2.15
#20 5.027    Compiling typenum v1.17.0
#20 5.032    Compiling itoa v1.0.14
#20 5.037    Compiling bytes v1.9.0
#20 5.041    Compiling futures-io v0.3.31
#20 5.041    Compiling once_cell v1.20.2
#20 5.041    Compiling pin-utils v0.1.0
#20 5.047    Compiling futures-task v0.3.31
#20 5.081    Compiling cpufeatures v0.2.16
#20 5.114    Compiling serde v1.0.216
#20 5.121    Compiling futures-sink v0.3.31
#20 5.143    Compiling stable_deref_trait v1.2.0
#20 5.195    Compiling scopeguard v1.2.0
#20 5.209    Compiling percent-encoding v2.3.1
#20 5.225    Compiling subtle v2.6.1
#20 5.234    Compiling byteorder v1.5.0
#20 5.234    Compiling litemap v0.7.4
#20 5.253    Compiling writeable v0.5.5
#20 5.274    Compiling parking_lot_core v0.9.10
#20 5.275    Compiling smallvec v1.13.2
#20 5.449    Compiling icu_locid_transform_data v1.5.0
#20 5.463    Compiling generic-array v0.14.7
#20 5.470    Compiling log v0.4.22
#20 5.502    Compiling powerfmt v0.2.0
#20 5.509    Compiling ryu v1.0.18
#20 5.526    Compiling num-conv v0.1.0
#20 5.542    Compiling icu_properties_data v1.5.0
#20 5.548    Compiling fnv v1.0.7
#20 5.589    Compiling thiserror v1.0.69
#20 5.606    Compiling slab v0.4.9
#20 5.631    Compiling time-core v0.1.2
#20 5.666    Compiling write16 v1.0.0
#20 5.689    Compiling utf8_iter v1.0.4
#20 5.713    Compiling icu_normalizer_data v1.5.0
#20 5.726    Compiling time-macros v0.2.19
#20 5.731    Compiling utf16_iter v1.0.5
#20 5.742    Compiling serde_json v1.0.133
#20 5.743    Compiling lock_api v0.4.12
#20 5.744    Compiling ahash v0.8.11
#20 5.745    Compiling tracing-core v0.1.33
#20 5.785    Compiling http v1.2.0
#20 5.837    Compiling form_urlencoded v1.2.1
#20 5.863    Compiling shlex v1.3.0
#20 5.879    Compiling crossbeam-utils v0.8.20
#20 6.066    Compiling num-traits v0.2.19
#20 6.091    Compiling futures-channel v0.3.31
#20 6.096    Compiling vcpkg v0.2.15
#20 6.114    Compiling allocator-api2 v0.2.21
#20 6.171    Compiling tower-service v0.3.3
#20 6.272    Compiling paste v1.0.15
#20 6.306    Compiling quote v1.0.37
#20 6.331    Compiling pkg-config v0.3.31
#20 6.400    Compiling mime v0.3.17
#20 6.537    Compiling syn v2.0.90
#20 6.574    Compiling mio v1.0.3
#20 6.586    Compiling socket2 v0.5.8
#20 6.618    Compiling signal-hook-registry v1.4.2
#20 6.619    Compiling getrandom v0.2.15
#20 6.630    Compiling jobserver v0.1.32
#20 6.748    Compiling tower-layer v0.3.3
#20 6.780    Compiling rand_core v0.6.4
#20 6.859    Compiling rustversion v1.0.18
#20 6.894    Compiling http-body v1.0.1
#20 6.925    Compiling cc v1.2.3
#20 7.111    Compiling minimal-lexical v0.2.1
#20 7.131    Compiling sync_wrapper v1.0.2
#20 7.226    Compiling concurrent-queue v2.5.0
#20 7.252    Compiling crc-catalog v2.4.0
#20 7.295    Compiling equivalent v1.0.1
#20 7.339    Compiling hashbrown v0.15.2
#20 7.355    Compiling unicode_categories v0.1.1
#20 7.381    Compiling zerocopy v0.7.35
#20 7.388    Compiling parking v2.2.1
#20 7.442    Compiling nom v7.1.3
#20 7.467    Compiling crc v3.2.1
#20 7.492    Compiling crossbeam-queue v0.3.11
#20 7.564    Compiling event-listener v5.3.1
#20 7.601    Compiling httparse v1.9.5
#20 7.666    Compiling crypto-common v0.1.6
#20 7.672    Compiling block-buffer v0.10.4
#20 7.697    Compiling base64 v0.22.1
#20 7.794    Compiling digest v0.10.7
#20 7.863    Compiling hex v0.4.3
#20 7.952    Compiling glob v0.3.1
#20 7.973    Compiling parking_lot v0.12.3
#20 8.054    Compiling sha2 v0.10.8
#20 8.106    Compiling hashbrown v0.14.5
#20 8.124    Compiling futures-util v0.3.31
#20 8.133    Compiling tokio v1.42.0
#20 8.223    Compiling indexmap v2.7.0
#20 8.238    Compiling deranged v0.3.11
#20 8.266    Compiling rustix v0.38.42
#20 8.368    Compiling futures-intrusive v0.5.0
#20 8.435    Compiling clang-sys v1.8.1
#20 8.670    Compiling spin v0.9.8
#20 8.723    Compiling aho-corasick v1.1.3
#20 8.873    Compiling same-file v1.0.6
#20 8.947    Compiling atoi v2.0.0
#20 8.963    Compiling hashlink v0.9.1
#20 8.974    Compiling regex-syntax v0.8.5
#20 8.989    Compiling bitflags v2.6.0
#20 8.999    Compiling linux-raw-sys v0.4.14
#20 9.034    Compiling walkdir v2.5.0
#20 9.061    Compiling flume v0.11.1
#20 9.086    Compiling cookie v0.18.1
#20 9.165    Compiling time v0.3.37
#20 9.166    Compiling fastrand v2.3.0
#20 9.188    Compiling semver v1.0.23
#20 9.432    Compiling unicase v2.8.0
#20 9.446    Compiling httpdate v1.0.3
#20 9.512    Compiling hmac v0.12.1
#20 9.569    Compiling libsqlite3-sys v0.30.1
#20 9.599    Compiling sha1 v0.10.6
#20 9.604    Compiling heck v0.5.0
#20 9.655    Compiling dunce v1.0.5
#20 9.678    Compiling data-encoding v2.6.0
#20 9.691    Compiling mime_guess v2.0.5
#20 9.756    Compiling utf-8 v0.7.6
#20 9.812    Compiling sqlformat v0.2.6
#20 9.940    Compiling dotenvy v0.15.7
#20 10.03    Compiling rust-embed-utils v8.5.0
#20 10.30    Compiling clang v2.0.0
#20 10.33    Compiling regex-syntax v0.6.29
#20 10.37    Compiling base64ct v1.6.0
#20 10.76    Compiling password-hash v0.5.0
#20 10.77    Compiling rmp v0.8.14
#20 11.20    Compiling blake2 v0.10.6
#20 11.36    Compiling thiserror v2.0.6
#20 11.48    Compiling lazy_static v1.5.0
#20 11.49    Compiling matchit v0.7.3
#20 11.57    Compiling iana-time-zone v0.1.61
#20 11.82    Compiling regex-automata v0.4.9
#20 11.94    Compiling chrono v0.4.39
#20 12.00    Compiling sharded-slab v0.1.7
#20 12.01    Compiling argon2 v0.5.3
#20 12.05    Compiling tempfile v3.14.0
#20 12.12    Compiling thread_local v1.1.8
#20 12.34    Compiling synstructure v0.13.1
#20 12.40    Compiling futures-executor v0.3.31
#20 12.55    Compiling urlencoding v2.1.3
#20 12.76    Compiling oko v0.1.2 (/root/oko/backend)
#20 12.78    Compiling http-range-header v0.4.2
#20 12.81    Compiling password-auth v1.0.0
#20 12.97    Compiling regex-automata v0.1.10
#20 13.50    Compiling serde_derive v1.0.216
#20 13.50    Compiling zerofrom-derive v0.1.5
#20 13.51    Compiling yoke-derive v0.7.5
#20 13.53    Compiling zerovec-derive v0.10.3
#20 13.61    Compiling displaydoc v0.2.5
#20 13.61    Compiling futures-macro v0.3.31
#20 13.62    Compiling zerocopy-derive v0.7.35
#20 13.75    Compiling icu_provider_macros v1.5.0
#20 13.91    Compiling tokio-macros v2.4.0
#20 14.11    Compiling thiserror-impl v1.0.69
#20 14.69    Compiling tracing-attributes v0.1.28
#20 14.91    Compiling async-trait v0.1.83
#20 15.11    Compiling tokio-stream v0.1.17
#20 15.29    Compiling regex v1.11.1
#20 15.52    Compiling rust-embed-impl v8.5.0
#20 15.69    Compiling matchers v0.1.0
#20 15.83    Compiling opencv-binding-generator v0.93.0
#20 15.84    Compiling zerofrom v0.1.5
#20 15.85    Compiling thiserror-impl v2.0.6
#20 15.95    Compiling yoke v0.7.5
#20 16.08    Compiling ppv-lite86 v0.2.20
#20 16.20    Compiling zerovec v0.10.4
#20 16.53    Compiling rand_chacha v0.3.1
#20 16.76    Compiling rust-embed v8.5.0
#20 16.84    Compiling rand v0.8.5
#20 17.00    Compiling tracing v0.1.41
#20 17.17    Compiling tracing-subscriber v0.3.19
#20 17.31    Compiling tinystr v0.7.6
#20 17.31    Compiling icu_collections v1.5.0
#20 17.45    Compiling icu_locid v1.5.0
#20 17.57    Compiling tungstenite v0.24.0
#20 18.01    Compiling icu_provider v1.5.0
#20 18.31    Compiling http-body-util v0.1.2
#20 18.31    Compiling futures v0.3.31
#20 18.38    Compiling icu_locid_transform v1.5.0
#20 18.55    Compiling axum-core v0.4.5
#20 19.09    Compiling icu_properties v1.5.1
#20 19.78    Compiling opencv v0.93.5
#20 20.11    Compiling hyper v1.5.1
#20 20.11    Compiling tower v0.5.2
#20 20.11    Compiling tokio-tungstenite v0.24.0
#20 20.11    Compiling tokio-util v0.7.13
#20 20.55    Compiling either v1.13.0
#20 20.58    Compiling serde_urlencoded v0.7.1
#20 20.62    Compiling serde_path_to_error v0.1.16
#20 20.87    Compiling rmp-serde v1.3.0
#20 20.88    Compiling axum-embed v0.1.0
#20 20.89    Compiling tower-http v0.6.2
#20 21.07    Compiling hyper-util v0.1.10
#20 21.19    Compiling icu_normalizer v1.5.0
#20 21.62    Compiling axum v0.7.9
#20 21.80    Compiling idna_adapter v1.2.0
#20 21.87    Compiling idna v1.0.3
#20 22.17    Compiling url v2.5.4
#20 22.57    Compiling sqlx-core v0.8.2
#20 23.21    Compiling tower-sessions-core v0.13.0
#20 23.53    Compiling tower-cookies v0.10.0
#20 23.74    Compiling tower-sessions-memory-store v0.13.0
#20 23.84    Compiling tower-sessions v0.13.0
#20 24.72    Compiling sqlx-sqlite v0.8.2
#20 25.29    Compiling axum-login v0.16.0
#20 26.12    Compiling sqlx-macros-core v0.8.2
#20 27.10    Compiling sqlx-macros v0.8.2
#20 28.69    Compiling sqlx v0.8.2
#20 28.77    Compiling tower-sessions-sqlx-store v0.14.2
#20 46.61     Finished `dev` profile [unoptimized + debuginfo] target(s) in 46.06s
#20 DONE 47.9s

#21 [test  9/11] RUN set -xeu &&     DEBIAN_FRONTEND=noninteractive apt-get install -y libasound2 libatk-bridge2.0-0 libatk1.0-0 	libatspi2.0-0 libcairo2 libcups2 libdbus-1-3 libdrm2 libgbm1 libglib2.0-0 libnspr4 libnss3 	libpango-1.0-0 libwayland-client0 libx11-6 libxcb1 libxcomposite1 libxdamage1 libxext6 	libxfixes3 libxkbcommon0 libxrandr2 	pkg-config libssl-dev
#21 0.374 + DEBIAN_FRONTEND=noninteractive apt-get install -y libasound2 libatk-bridge2.0-0 libatk1.0-0 libatspi2.0-0 libcairo2 libcups2 libdbus-1-3 libdrm2 libgbm1 libglib2.0-0 libnspr4 libnss3 libpango-1.0-0 libwayland-client0 libx11-6 libxcb1 libxcomposite1 libxdamage1 libxext6 libxfixes3 libxkbcommon0 libxrandr2 pkg-config libssl-dev
#21 0.417 Reading package lists...
#21 1.254 Building dependency tree...
#21 1.445 Reading state information...
#21 1.686 libcairo2 is already the newest version (1.16.0-5ubuntu2).
#21 1.686 libcairo2 set to manually installed.
#21 1.686 libxcb1 is already the newest version (1.14-3ubuntu3).
#21 1.686 libxcb1 set to manually installed.
#21 1.686 libxext6 is already the newest version (2:1.3.4-1build1).
#21 1.686 libxext6 set to manually installed.
#21 1.686 libxfixes3 is already the newest version (1:6.0.0-1).
#21 1.686 libxfixes3 set to manually installed.
#21 1.686 libdrm2 is already the newest version (2.4.113-2~ubuntu0.22.04.1).
#21 1.686 libdrm2 set to manually installed.
#21 1.686 libglib2.0-0 is already the newest version (2.72.4-0ubuntu2.4).
#21 1.686 libglib2.0-0 set to manually installed.
#21 1.686 libpango-1.0-0 is already the newest version (1.50.6+ds-2ubuntu1).
#21 1.686 libpango-1.0-0 set to manually installed.
#21 1.686 libx11-6 is already the newest version (2:1.7.5-1ubuntu0.3).
#21 1.686 libx11-6 set to manually installed.
#21 1.686 The following additional packages will be installed:
#21 1.686   alsa-topology-conf alsa-ucm-conf at-spi2-core bzip2 dbus dbus-user-session
#21 1.686   dconf-gsettings-backend dconf-service dmsetup gir1.2-glib-2.0
#21 1.686   gsettings-desktop-schemas libapparmor1 libargon2-1 libasound2-data
#21 1.687   libatk1.0-data libavahi-client3 libavahi-common-data libavahi-common3
#21 1.687   libcryptsetup12 libdconf1 libdevmapper1.02.1 libdpkg-perl
#21 1.687   libfile-fcntllock-perl libgdbm-compat4 libgdbm6 libgirepository-1.0-1
#21 1.687   libip4tc2 libjson-c5 libkmod2 liblocale-gettext-perl libnss-systemd
#21 1.687   libpam-systemd libperl5.34 libwayland-server0 libxcb-randr0 libxi6 libxtst6
#21 1.688   netbase networkd-dispatcher perl perl-modules-5.34 python3-dbus python3-gi
#21 1.688   session-migration systemd systemd-sysv systemd-timesyncd x11-common xkb-data
#21 1.688   xz-utils
#21 1.689 Suggested packages:
#21 1.689   bzip2-doc libasound2-plugins alsa-utils cups-common debian-keyring gnupg
#21 1.689   patch git bzr gdbm-l10n libssl-doc iw | wireless-tools perl-doc
#21 1.689   libterm-readline-gnu-perl | libterm-readline-perl-perl
#21 1.689   libtap-harness-archive-perl dpkg-dev python-dbus-doc systemd-container
#21 1.689   libfido2-1 libtss2-esys-3.0.2-0 libtss2-mu0 libtss2-rc0 policykit-1
#21 1.774 The following NEW packages will be installed:
#21 1.774   alsa-topology-conf alsa-ucm-conf at-spi2-core bzip2 dbus dbus-user-session
#21 1.775   dconf-gsettings-backend dconf-service dmsetup gir1.2-glib-2.0
#21 1.775   gsettings-desktop-schemas libapparmor1 libargon2-1 libasound2
#21 1.775   libasound2-data libatk-bridge2.0-0 libatk1.0-0 libatk1.0-data libatspi2.0-0
#21 1.775   libavahi-client3 libavahi-common-data libavahi-common3 libcryptsetup12
#21 1.775   libcups2 libdbus-1-3 libdconf1 libdevmapper1.02.1 libdpkg-perl
#21 1.775   libfile-fcntllock-perl libgbm1 libgdbm-compat4 libgdbm6
#21 1.776   libgirepository-1.0-1 libip4tc2 libjson-c5 libkmod2 liblocale-gettext-perl
#21 1.776   libnspr4 libnss-systemd libnss3 libpam-systemd libperl5.34 libssl-dev
#21 1.776   libwayland-client0 libwayland-server0 libxcb-randr0 libxcomposite1
#21 1.776   libxdamage1 libxi6 libxkbcommon0 libxrandr2 libxtst6 netbase
#21 1.777   networkd-dispatcher perl perl-modules-5.34 pkg-config python3-dbus
#21 1.777   python3-gi session-migration systemd systemd-sysv systemd-timesyncd
#21 1.777   x11-common xkb-data xz-utils
#21 1.891 0 upgraded, 66 newly installed, 0 to remove and 0 not upgraded.
#21 1.891 Need to get 20.8 MB of archives.
#21 1.891 After this operation, 103 MB of additional disk space will be used.
#21 1.891 Get:1 http://archive.ubuntu.com/ubuntu jammy/main amd64 liblocale-gettext-perl amd64 1.07-4build3 [17.1 kB]
#21 1.955 Get:2 http://archive.ubuntu.com/ubuntu jammy-updates/main amd64 libapparmor1 amd64 3.0.4-2ubuntu2.4 [39.7 kB]
#21 1.987 Get:3 http://archive.ubuntu.com/ubuntu jammy/main amd64 libargon2-1 amd64 0~20171227-0.3 [19.5 kB]
#21 2.000 Get:4 http://archive.ubuntu.com/ubuntu jammy/main amd64 libdevmapper1.02.1 amd64 2:1.02.175-2.1ubuntu4 [139 kB]
#21 2.051 Get:5 http://archive.ubuntu.com/ubuntu jammy-updates/main amd64 libjson-c5 amd64 0.15-3~ubuntu1.22.04.2 [33.5 kB]
#21 2.056 Get:6 http://archive.ubuntu.com/ubuntu jammy-updates/main amd64 libcryptsetup12 amd64 2:2.4.3-1ubuntu1.2 [211 kB]
#21 2.090 Get:7 http://archive.ubuntu.com/ubuntu jammy-updates/main amd64 libip4tc2 amd64 1.8.7-1ubuntu5.2 [19.9 kB]
#21 2.092 Get:8 http://archive.ubuntu.com/ubuntu jammy/main amd64 libkmod2 amd64 29-1ubuntu1 [48.0 kB]
#21 2.096 Get:9 http://archive.ubuntu.com/ubuntu jammy-updates/main amd64 systemd amd64 249.11-0ubuntu3.12 [4581 kB]
#21 2.218 Get:10 http://archive.ubuntu.com/ubuntu jammy-updates/main amd64 systemd-sysv amd64 249.11-0ubuntu3.12 [10.5 kB]
#21 2.218 Get:11 http://archive.ubuntu.com/ubuntu jammy-updates/main amd64 perl-modules-5.34 all 5.34.0-3ubuntu1.3 [2976 kB]
#21 2.266 Get:12 http://archive.ubuntu.com/ubuntu jammy/main amd64 libgdbm6 amd64 1.23-1 [33.9 kB]
#21 2.266 Get:13 http://archive.ubuntu.com/ubuntu jammy/main amd64 libgdbm-compat4 amd64 1.23-1 [6606 B]
#21 2.267 Get:14 http://archive.ubuntu.com/ubuntu jammy-updates/main amd64 libperl5.34 amd64 5.34.0-3ubuntu1.3 [4820 kB]
#21 2.358 Get:15 http://archive.ubuntu.com/ubuntu jammy-updates/main amd64 perl amd64 5.34.0-3ubuntu1.3 [232 kB]
#21 2.362 Get:16 http://archive.ubuntu.com/ubuntu jammy-updates/main amd64 libdbus-1-3 amd64 1.12.20-2ubuntu4.1 [189 kB]
#21 2.366 Get:17 http://archive.ubuntu.com/ubuntu jammy-updates/main amd64 dbus amd64 1.12.20-2ubuntu4.1 [158 kB]
#21 2.369 Get:18 http://archive.ubuntu.com/ubuntu jammy/main amd64 dmsetup amd64 2:1.02.175-2.1ubuntu4 [81.7 kB]
#21 2.371 Get:19 http://archive.ubuntu.com/ubuntu jammy/main amd64 libgirepository-1.0-1 amd64 1.72.0-1 [55.6 kB]
#21 2.371 Get:20 http://archive.ubuntu.com/ubuntu jammy/main amd64 gir1.2-glib-2.0 amd64 1.72.0-1 [164 kB]
#21 2.376 Get:21 http://archive.ubuntu.com/ubuntu jammy-updates/main amd64 libnss-systemd amd64 249.11-0ubuntu3.12 [133 kB]
#21 2.379 Get:22 http://archive.ubuntu.com/ubuntu jammy-updates/main amd64 libpam-systemd amd64 249.11-0ubuntu3.12 [203 kB]
#21 2.383 Get:23 http://archive.ubuntu.com/ubuntu jammy/main amd64 netbase all 6.3 [12.9 kB]
#21 2.392 Get:24 http://archive.ubuntu.com/ubuntu jammy/main amd64 python3-dbus amd64 1.2.18-3build1 [99.5 kB]
#21 2.394 Get:25 http://archive.ubuntu.com/ubuntu jammy-updates/main amd64 python3-gi amd64 3.42.1-0ubuntu1 [229 kB]
#21 2.398 Get:26 http://archive.ubuntu.com/ubuntu jammy-updates/main amd64 networkd-dispatcher all 2.1-2ubuntu0.22.04.2 [15.8 kB]
#21 2.404 Get:27 http://archive.ubuntu.com/ubuntu jammy-updates/main amd64 systemd-timesyncd amd64 249.11-0ubuntu3.12 [31.2 kB]
#21 2.405 Get:28 http://archive.ubuntu.com/ubuntu jammy/main amd64 xkb-data all 2.33-1 [394 kB]
#21 2.412 Get:29 http://archive.ubuntu.com/ubuntu jammy/main amd64 xz-utils amd64 5.2.5-2ubuntu1 [84.8 kB]
#21 2.414 Get:30 http://archive.ubuntu.com/ubuntu jammy/main amd64 alsa-topology-conf all 1.2.5.1-2 [15.5 kB]
#21 2.416 Get:31 http://archive.ubuntu.com/ubuntu jammy/main amd64 libasound2-data all 1.2.6.1-1ubuntu1 [19.1 kB]
#21 2.422 Get:32 http://archive.ubuntu.com/ubuntu jammy/main amd64 libasound2 amd64 1.2.6.1-1ubuntu1 [390 kB]
#21 2.432 Get:33 http://archive.ubuntu.com/ubuntu jammy-updates/main amd64 alsa-ucm-conf all 1.2.6.3-1ubuntu1.12 [43.5 kB]
#21 2.433 Get:34 http://archive.ubuntu.com/ubuntu jammy/main amd64 libxi6 amd64 2:1.8-1build1 [32.6 kB]
#21 2.433 Get:35 http://archive.ubuntu.com/ubuntu jammy/main amd64 libatspi2.0-0 amd64 2.44.0-3 [80.9 kB]
#21 2.435 Get:36 http://archive.ubuntu.com/ubuntu jammy/main amd64 x11-common all 1:7.7+23ubuntu2 [23.4 kB]
#21 2.439 Get:37 http://archive.ubuntu.com/ubuntu jammy/main amd64 libxtst6 amd64 2:1.2.3-1build4 [13.4 kB]
#21 2.446 Get:38 http://archive.ubuntu.com/ubuntu jammy-updates/main amd64 dbus-user-session amd64 1.12.20-2ubuntu4.1 [9442 B]
#21 2.446 Get:39 http://archive.ubuntu.com/ubuntu jammy/main amd64 libdconf1 amd64 0.40.0-3 [40.5 kB]
#21 2.447 Get:40 http://archive.ubuntu.com/ubuntu jammy/main amd64 dconf-service amd64 0.40.0-3 [28.5 kB]
#21 2.450 Get:41 http://archive.ubuntu.com/ubuntu jammy/main amd64 dconf-gsettings-backend amd64 0.40.0-3 [22.8 kB]
#21 2.463 Get:42 http://archive.ubuntu.com/ubuntu jammy/main amd64 session-migration amd64 0.3.6 [9774 B]
#21 2.463 Get:43 http://archive.ubuntu.com/ubuntu jammy/main amd64 gsettings-desktop-schemas all 42.0-1ubuntu1 [31.1 kB]
#21 2.470 Get:44 http://archive.ubuntu.com/ubuntu jammy/main amd64 at-spi2-core amd64 2.44.0-3 [54.4 kB]
#21 2.471 Get:45 http://archive.ubuntu.com/ubuntu jammy/main amd64 bzip2 amd64 1.0.8-5build1 [34.8 kB]
#21 2.471 Get:46 http://archive.ubuntu.com/ubuntu jammy/main amd64 libatk1.0-data all 2.36.0-3build1 [2824 B]
#21 2.475 Get:47 http://archive.ubuntu.com/ubuntu jammy/main amd64 libatk1.0-0 amd64 2.36.0-3build1 [51.9 kB]
#21 2.481 Get:48 http://archive.ubuntu.com/ubuntu jammy/main amd64 libatk-bridge2.0-0 amd64 2.38.0-3 [66.6 kB]
#21 2.483 Get:49 http://archive.ubuntu.com/ubuntu jammy-updates/main amd64 libavahi-common-data amd64 0.8-5ubuntu5.2 [23.8 kB]
#21 2.483 Get:50 http://archive.ubuntu.com/ubuntu jammy-updates/main amd64 libavahi-common3 amd64 0.8-5ubuntu5.2 [23.9 kB]
#21 2.484 Get:51 http://archive.ubuntu.com/ubuntu jammy-updates/main amd64 libavahi-client3 amd64 0.8-5ubuntu5.2 [28.0 kB]
#21 2.495 Get:52 http://archive.ubuntu.com/ubuntu jammy-updates/main amd64 libcups2 amd64 2.4.1op1-1ubuntu4.11 [263 kB]
#21 2.502 Get:53 http://archive.ubuntu.com/ubuntu jammy-updates/main amd64 libdpkg-perl all 1.21.1ubuntu2.3 [237 kB]
#21 2.507 Get:54 http://archive.ubuntu.com/ubuntu jammy/main amd64 libfile-fcntllock-perl amd64 0.22-3build7 [33.9 kB]
#21 2.508 Get:55 http://archive.ubuntu.com/ubuntu jammy-updates/main amd64 libwayland-server0 amd64 1.20.0-1ubuntu0.1 [34.3 kB]
#21 2.509 Get:56 http://archive.ubuntu.com/ubuntu jammy/main amd64 libxcb-randr0 amd64 1.14-3ubuntu3 [18.3 kB]
#21 2.512 Get:57 http://archive.ubuntu.com/ubuntu jammy-updates/main amd64 libgbm1 amd64 23.2.1-1ubuntu3.1~22.04.3 [33.5 kB]
#21 2.514 Get:58 http://archive.ubuntu.com/ubuntu jammy-updates/main amd64 libnspr4 amd64 2:4.35-0ubuntu0.22.04.1 [119 kB]
#21 2.516 Get:59 http://archive.ubuntu.com/ubuntu jammy-updates/main amd64 libnss3 amd64 2:3.98-0ubuntu0.22.04.2 [1347 kB]
#21 2.545 Get:60 http://archive.ubuntu.com/ubuntu jammy-updates/main amd64 libssl-dev amd64 3.0.2-0ubuntu1.18 [2375 kB]
#21 2.588 Get:61 http://archive.ubuntu.com/ubuntu jammy-updates/main amd64 libwayland-client0 amd64 1.20.0-1ubuntu0.1 [25.9 kB]
#21 2.588 Get:62 http://archive.ubuntu.com/ubuntu jammy/main amd64 libxcomposite1 amd64 1:0.4.5-1build2 [7192 B]
#21 2.589 Get:63 http://archive.ubuntu.com/ubuntu jammy/main amd64 libxdamage1 amd64 1:1.1.5-2build2 [7154 B]
#21 2.589 Get:64 http://archive.ubuntu.com/ubuntu jammy/main amd64 libxkbcommon0 amd64 1.4.0-1 [125 kB]
#21 2.591 Get:65 http://archive.ubuntu.com/ubuntu jammy/main amd64 libxrandr2 amd64 2:1.5.2-1build1 [20.4 kB]
#21 2.591 Get:66 http://archive.ubuntu.com/ubuntu jammy/main amd64 pkg-config amd64 0.29.2-1ubuntu3 [48.2 kB]
#21 2.747 debconf: delaying package configuration, since apt-utils is not installed
#21 2.785 Fetched 20.8 MB in 1s (25.9 MB/s)
#21 2.820 Selecting previously unselected package liblocale-gettext-perl.
#21 2.820 (Reading database ... (Reading database ... 5%(Reading database ... 10%(Reading database ... 15%(Reading database ... 20%(Reading database ... 25%(Reading database ... 30%(Reading database ... 35%(Reading database ... 40%(Reading database ... 45%(Reading database ... 50%(Reading database ... 55%(Reading database ... 60%(Reading database ... 65%(Reading database ... 70%(Reading database ... 75%(Reading database ... 80%(Reading database ... 85%(Reading database ... 90%(Reading database ... 95%(Reading database ... 100%(Reading database ... 21846 files and directories currently installed.)
#21 2.833 Preparing to unpack .../0-liblocale-gettext-perl_1.07-4build3_amd64.deb ...
#21 2.844 Unpacking liblocale-gettext-perl (1.07-4build3) ...
#21 2.920 Selecting previously unselected package libapparmor1:amd64.
#21 2.922 Preparing to unpack .../1-libapparmor1_3.0.4-2ubuntu2.4_amd64.deb ...
#21 2.941 Unpacking libapparmor1:amd64 (3.0.4-2ubuntu2.4) ...
#21 3.007 Selecting previously unselected package libargon2-1:amd64.
#21 3.009 Preparing to unpack .../2-libargon2-1_0~20171227-0.3_amd64.deb ...
#21 3.018 Unpacking libargon2-1:amd64 (0~20171227-0.3) ...
#21 3.088 Selecting previously unselected package libdevmapper1.02.1:amd64.
#21 3.089 Preparing to unpack .../3-libdevmapper1.02.1_2%3a1.02.175-2.1ubuntu4_amd64.deb ...
#21 3.099 Unpacking libdevmapper1.02.1:amd64 (2:1.02.175-2.1ubuntu4) ...
#21 3.168 Selecting previously unselected package libjson-c5:amd64.
#21 3.170 Preparing to unpack .../4-libjson-c5_0.15-3~ubuntu1.22.04.2_amd64.deb ...
#21 3.180 Unpacking libjson-c5:amd64 (0.15-3~ubuntu1.22.04.2) ...
#21 3.249 Selecting previously unselected package libcryptsetup12:amd64.
#21 3.251 Preparing to unpack .../5-libcryptsetup12_2%3a2.4.3-1ubuntu1.2_amd64.deb ...
#21 3.261 Unpacking libcryptsetup12:amd64 (2:2.4.3-1ubuntu1.2) ...
#21 3.338 Selecting previously unselected package libip4tc2:amd64.
#21 3.340 Preparing to unpack .../6-libip4tc2_1.8.7-1ubuntu5.2_amd64.deb ...
#21 3.349 Unpacking libip4tc2:amd64 (1.8.7-1ubuntu5.2) ...
#21 3.419 Selecting previously unselected package libkmod2:amd64.
#21 3.421 Preparing to unpack .../7-libkmod2_29-1ubuntu1_amd64.deb ...
#21 3.430 Unpacking libkmod2:amd64 (29-1ubuntu1) ...
#21 3.513 Selecting previously unselected package systemd.
#21 3.515 Preparing to unpack .../8-systemd_249.11-0ubuntu3.12_amd64.deb ...
#21 3.535 Unpacking systemd (249.11-0ubuntu3.12) ...
#21 3.750 Setting up libapparmor1:amd64 (3.0.4-2ubuntu2.4) ...
#21 3.778 Setting up libargon2-1:amd64 (0~20171227-0.3) ...
#21 3.805 Setting up libdevmapper1.02.1:amd64 (2:1.02.175-2.1ubuntu4) ...
#21 3.831 Setting up libjson-c5:amd64 (0.15-3~ubuntu1.22.04.2) ...
#21 3.859 Setting up libcryptsetup12:amd64 (2:2.4.3-1ubuntu1.2) ...
#21 3.886 Setting up libip4tc2:amd64 (1.8.7-1ubuntu5.2) ...
#21 3.914 Setting up libkmod2:amd64 (29-1ubuntu1) ...
#21 3.942 Setting up systemd (249.11-0ubuntu3.12) ...
#21 4.037 Created symlink /etc/systemd/system/getty.target.wants/getty@tty1.service → /lib/systemd/system/getty@.service.
#21 4.040 Created symlink /etc/systemd/system/multi-user.target.wants/remote-fs.target → /lib/systemd/system/remote-fs.target.
#21 4.042 Created symlink /etc/systemd/system/dbus-org.freedesktop.resolve1.service → /lib/systemd/system/systemd-resolved.service.
#21 4.042 Created symlink /etc/systemd/system/multi-user.target.wants/systemd-resolved.service → /lib/systemd/system/systemd-resolved.service.
#21 4.047 ln: failed to create symbolic link '/etc/resolv.conf': Device or resource busy
#21 4.049 Created symlink /etc/systemd/system/sysinit.target.wants/systemd-pstore.service → /lib/systemd/system/systemd-pstore.service.
#21 4.053 Initializing machine ID from random generator.
#21 4.485 Selecting previously unselected package systemd-sysv.
#21 4.485 (Reading database ... (Reading database ... 5%(Reading database ... 10%(Reading database ... 15%(Reading database ... 20%(Reading database ... 25%(Reading database ... 30%(Reading database ... 35%(Reading database ... 40%(Reading database ... 45%(Reading database ... 50%(Reading database ... 55%(Reading database ... 60%(Reading database ... 65%(Reading database ... 70%(Reading database ... 75%(Reading database ... 80%(Reading database ... 85%(Reading database ... 90%(Reading database ... 95%(Reading database ... 100%(Reading database ... 22675 files and directories currently installed.)
#21 4.494 Preparing to unpack .../00-systemd-sysv_249.11-0ubuntu3.12_amd64.deb ...
#21 4.504 Unpacking systemd-sysv (249.11-0ubuntu3.12) ...
#21 4.560 Selecting previously unselected package perl-modules-5.34.
#21 4.562 Preparing to unpack .../01-perl-modules-5.34_5.34.0-3ubuntu1.3_all.deb ...
#21 4.571 Unpacking perl-modules-5.34 (5.34.0-3ubuntu1.3) ...
#21 4.870 Selecting previously unselected package libgdbm6:amd64.
#21 4.873 Preparing to unpack .../02-libgdbm6_1.23-1_amd64.deb ...
#21 4.881 Unpacking libgdbm6:amd64 (1.23-1) ...
#21 4.948 Selecting previously unselected package libgdbm-compat4:amd64.
#21 4.950 Preparing to unpack .../03-libgdbm-compat4_1.23-1_amd64.deb ...
#21 4.959 Unpacking libgdbm-compat4:amd64 (1.23-1) ...
#21 5.026 Selecting previously unselected package libperl5.34:amd64.
#21 5.028 Preparing to unpack .../04-libperl5.34_5.34.0-3ubuntu1.3_amd64.deb ...
#21 5.037 Unpacking libperl5.34:amd64 (5.34.0-3ubuntu1.3) ...
#21 5.457 Selecting previously unselected package perl.
#21 5.459 Preparing to unpack .../05-perl_5.34.0-3ubuntu1.3_amd64.deb ...
#21 5.472 Unpacking perl (5.34.0-3ubuntu1.3) ...
#21 5.548 Selecting previously unselected package libdbus-1-3:amd64.
#21 5.550 Preparing to unpack .../06-libdbus-1-3_1.12.20-2ubuntu4.1_amd64.deb ...
#21 5.560 Unpacking libdbus-1-3:amd64 (1.12.20-2ubuntu4.1) ...
#21 5.650 Selecting previously unselected package dbus.
#21 5.652 Preparing to unpack .../07-dbus_1.12.20-2ubuntu4.1_amd64.deb ...
#21 5.666 Unpacking dbus (1.12.20-2ubuntu4.1) ...
#21 5.741 Selecting previously unselected package dmsetup.
#21 5.743 Preparing to unpack .../08-dmsetup_2%3a1.02.175-2.1ubuntu4_amd64.deb ...
#21 5.752 Unpacking dmsetup (2:1.02.175-2.1ubuntu4) ...
#21 5.823 Selecting previously unselected package libgirepository-1.0-1:amd64.
#21 5.825 Preparing to unpack .../09-libgirepository-1.0-1_1.72.0-1_amd64.deb ...
#21 5.835 Unpacking libgirepository-1.0-1:amd64 (1.72.0-1) ...
#21 5.890 Selecting previously unselected package gir1.2-glib-2.0:amd64.
#21 5.892 Preparing to unpack .../10-gir1.2-glib-2.0_1.72.0-1_amd64.deb ...
#21 5.902 Unpacking gir1.2-glib-2.0:amd64 (1.72.0-1) ...
#21 5.977 Selecting previously unselected package libnss-systemd:amd64.
#21 5.980 Preparing to unpack .../11-libnss-systemd_249.11-0ubuntu3.12_amd64.deb ...
#21 5.989 Unpacking libnss-systemd:amd64 (249.11-0ubuntu3.12) ...
#21 6.054 Selecting previously unselected package libpam-systemd:amd64.
#21 6.056 Preparing to unpack .../12-libpam-systemd_249.11-0ubuntu3.12_amd64.deb ...
#21 6.065 Unpacking libpam-systemd:amd64 (249.11-0ubuntu3.12) ...
#21 6.136 Selecting previously unselected package netbase.
#21 6.138 Preparing to unpack .../13-netbase_6.3_all.deb ...
#21 6.150 Unpacking netbase (6.3) ...
#21 6.214 Selecting previously unselected package python3-dbus.
#21 6.216 Preparing to unpack .../14-python3-dbus_1.2.18-3build1_amd64.deb ...
#21 6.225 Unpacking python3-dbus (1.2.18-3build1) ...
#21 6.296 Selecting previously unselected package python3-gi.
#21 6.298 Preparing to unpack .../15-python3-gi_3.42.1-0ubuntu1_amd64.deb ...
#21 6.308 Unpacking python3-gi (3.42.1-0ubuntu1) ...
#21 6.392 Selecting previously unselected package networkd-dispatcher.
#21 6.394 Preparing to unpack .../16-networkd-dispatcher_2.1-2ubuntu0.22.04.2_all.deb ...
#21 6.403 Unpacking networkd-dispatcher (2.1-2ubuntu0.22.04.2) ...
#21 6.483 Selecting previously unselected package systemd-timesyncd.
#21 6.485 Preparing to unpack .../17-systemd-timesyncd_249.11-0ubuntu3.12_amd64.deb ...
#21 6.494 Unpacking systemd-timesyncd (249.11-0ubuntu3.12) ...
#21 6.552 Selecting previously unselected package xkb-data.
#21 6.554 Preparing to unpack .../18-xkb-data_2.33-1_all.deb ...
#21 6.564 Unpacking xkb-data (2.33-1) ...
#21 6.680 Selecting previously unselected package xz-utils.
#21 6.682 Preparing to unpack .../19-xz-utils_5.2.5-2ubuntu1_amd64.deb ...
#21 6.692 Unpacking xz-utils (5.2.5-2ubuntu1) ...
#21 6.751 Selecting previously unselected package alsa-topology-conf.
#21 6.753 Preparing to unpack .../20-alsa-topology-conf_1.2.5.1-2_all.deb ...
#21 6.763 Unpacking alsa-topology-conf (1.2.5.1-2) ...
#21 6.822 Selecting previously unselected package libasound2-data.
#21 6.824 Preparing to unpack .../21-libasound2-data_1.2.6.1-1ubuntu1_all.deb ...
#21 6.834 Unpacking libasound2-data (1.2.6.1-1ubuntu1) ...
#21 6.913 Selecting previously unselected package libasound2:amd64.
#21 6.915 Preparing to unpack .../22-libasound2_1.2.6.1-1ubuntu1_amd64.deb ...
#21 6.925 Unpacking libasound2:amd64 (1.2.6.1-1ubuntu1) ...
#21 6.985 Selecting previously unselected package alsa-ucm-conf.
#21 6.987 Preparing to unpack .../23-alsa-ucm-conf_1.2.6.3-1ubuntu1.12_all.deb ...
#21 6.997 Unpacking alsa-ucm-conf (1.2.6.3-1ubuntu1.12) ...
#21 7.150 Selecting previously unselected package libxi6:amd64.
#21 7.152 Preparing to unpack .../24-libxi6_2%3a1.8-1build1_amd64.deb ...
#21 7.163 Unpacking libxi6:amd64 (2:1.8-1build1) ...
#21 7.230 Selecting previously unselected package libatspi2.0-0:amd64.
#21 7.232 Preparing to unpack .../25-libatspi2.0-0_2.44.0-3_amd64.deb ...
#21 7.247 Unpacking libatspi2.0-0:amd64 (2.44.0-3) ...
#21 7.328 Selecting previously unselected package x11-common.
#21 7.330 Preparing to unpack .../26-x11-common_1%3a7.7+23ubuntu2_all.deb ...
#21 7.339 Unpacking x11-common (1:7.7+23ubuntu2) ...
#21 7.410 Selecting previously unselected package libxtst6:amd64.
#21 7.413 Preparing to unpack .../27-libxtst6_2%3a1.2.3-1build4_amd64.deb ...
#21 7.422 Unpacking libxtst6:amd64 (2:1.2.3-1build4) ...
#21 7.484 Selecting previously unselected package dbus-user-session.
#21 7.486 Preparing to unpack .../28-dbus-user-session_1.12.20-2ubuntu4.1_amd64.deb ...
#21 7.496 Unpacking dbus-user-session (1.12.20-2ubuntu4.1) ...
#21 7.574 Selecting previously unselected package libdconf1:amd64.
#21 7.576 Preparing to unpack .../29-libdconf1_0.40.0-3_amd64.deb ...
#21 7.586 Unpacking libdconf1:amd64 (0.40.0-3) ...
#21 7.644 Selecting previously unselected package dconf-service.
#21 7.646 Preparing to unpack .../30-dconf-service_0.40.0-3_amd64.deb ...
#21 7.655 Unpacking dconf-service (0.40.0-3) ...
#21 7.712 Selecting previously unselected package dconf-gsettings-backend:amd64.
#21 7.715 Preparing to unpack .../31-dconf-gsettings-backend_0.40.0-3_amd64.deb ...
#21 7.724 Unpacking dconf-gsettings-backend:amd64 (0.40.0-3) ...
#21 7.803 Selecting previously unselected package session-migration.
#21 7.805 Preparing to unpack .../32-session-migration_0.3.6_amd64.deb ...
#21 7.815 Unpacking session-migration (0.3.6) ...
#21 7.874 Selecting previously unselected package gsettings-desktop-schemas.
#21 7.876 Preparing to unpack .../33-gsettings-desktop-schemas_42.0-1ubuntu1_all.deb ...
#21 7.885 Unpacking gsettings-desktop-schemas (42.0-1ubuntu1) ...
#21 7.969 Selecting previously unselected package at-spi2-core.
#21 7.971 Preparing to unpack .../34-at-spi2-core_2.44.0-3_amd64.deb ...
#21 7.982 Unpacking at-spi2-core (2.44.0-3) ...
#21 8.041 Selecting previously unselected package bzip2.
#21 8.043 Preparing to unpack .../35-bzip2_1.0.8-5build1_amd64.deb ...
#21 8.053 Unpacking bzip2 (1.0.8-5build1) ...
#21 8.111 Selecting previously unselected package libatk1.0-data.
#21 8.113 Preparing to unpack .../36-libatk1.0-data_2.36.0-3build1_all.deb ...
#21 8.124 Unpacking libatk1.0-data (2.36.0-3build1) ...
#21 8.193 Selecting previously unselected package libatk1.0-0:amd64.
#21 8.195 Preparing to unpack .../37-libatk1.0-0_2.36.0-3build1_amd64.deb ...
#21 8.205 Unpacking libatk1.0-0:amd64 (2.36.0-3build1) ...
#21 8.277 Selecting previously unselected package libatk-bridge2.0-0:amd64.
#21 8.279 Preparing to unpack .../38-libatk-bridge2.0-0_2.38.0-3_amd64.deb ...
#21 8.289 Unpacking libatk-bridge2.0-0:amd64 (2.38.0-3) ...
#21 8.348 Selecting previously unselected package libavahi-common-data:amd64.
#21 8.350 Preparing to unpack .../39-libavahi-common-data_0.8-5ubuntu5.2_amd64.deb ...
#21 8.359 Unpacking libavahi-common-data:amd64 (0.8-5ubuntu5.2) ...
#21 8.435 Selecting previously unselected package libavahi-common3:amd64.
#21 8.437 Preparing to unpack .../40-libavahi-common3_0.8-5ubuntu5.2_amd64.deb ...
#21 8.446 Unpacking libavahi-common3:amd64 (0.8-5ubuntu5.2) ...
#21 8.517 Selecting previously unselected package libavahi-client3:amd64.
#21 8.519 Preparing to unpack .../41-libavahi-client3_0.8-5ubuntu5.2_amd64.deb ...
#21 8.528 Unpacking libavahi-client3:amd64 (0.8-5ubuntu5.2) ...
#21 8.599 Selecting previously unselected package libcups2:amd64.
#21 8.601 Preparing to unpack .../42-libcups2_2.4.1op1-1ubuntu4.11_amd64.deb ...
#21 8.611 Unpacking libcups2:amd64 (2.4.1op1-1ubuntu4.11) ...
#21 8.669 Selecting previously unselected package libdpkg-perl.
#21 8.671 Preparing to unpack .../43-libdpkg-perl_1.21.1ubuntu2.3_all.deb ...
#21 8.680 Unpacking libdpkg-perl (1.21.1ubuntu2.3) ...
#21 8.754 Selecting previously unselected package libfile-fcntllock-perl.
#21 8.757 Preparing to unpack .../44-libfile-fcntllock-perl_0.22-3build7_amd64.deb ...
#21 8.766 Unpacking libfile-fcntllock-perl (0.22-3build7) ...
#21 8.840 Selecting previously unselected package libwayland-server0:amd64.
#21 8.843 Preparing to unpack .../45-libwayland-server0_1.20.0-1ubuntu0.1_amd64.deb ...
#21 8.852 Unpacking libwayland-server0:amd64 (1.20.0-1ubuntu0.1) ...
#21 8.923 Selecting previously unselected package libxcb-randr0:amd64.
#21 8.925 Preparing to unpack .../46-libxcb-randr0_1.14-3ubuntu3_amd64.deb ...
#21 8.935 Unpacking libxcb-randr0:amd64 (1.14-3ubuntu3) ...
#21 9.005 Selecting previously unselected package libgbm1:amd64.
#21 9.007 Preparing to unpack .../47-libgbm1_23.2.1-1ubuntu3.1~22.04.3_amd64.deb ...
#21 9.017 Unpacking libgbm1:amd64 (23.2.1-1ubuntu3.1~22.04.3) ...
#21 9.085 Selecting previously unselected package libnspr4:amd64.
#21 9.087 Preparing to unpack .../48-libnspr4_2%3a4.35-0ubuntu0.22.04.1_amd64.deb ...
#21 9.096 Unpacking libnspr4:amd64 (2:4.35-0ubuntu0.22.04.1) ...
#21 9.164 Selecting previously unselected package libnss3:amd64.
#21 9.166 Preparing to unpack .../49-libnss3_2%3a3.98-0ubuntu0.22.04.2_amd64.deb ...
#21 9.175 Unpacking libnss3:amd64 (2:3.98-0ubuntu0.22.04.2) ...
#21 9.319 Selecting previously unselected package libssl-dev:amd64.
#21 9.321 Preparing to unpack .../50-libssl-dev_3.0.2-0ubuntu1.18_amd64.deb ...
#21 9.331 Unpacking libssl-dev:amd64 (3.0.2-0ubuntu1.18) ...
#21 9.456 Selecting previously unselected package libwayland-client0:amd64.
#21 9.459 Preparing to unpack .../51-libwayland-client0_1.20.0-1ubuntu0.1_amd64.deb ...
#21 9.469 Unpacking libwayland-client0:amd64 (1.20.0-1ubuntu0.1) ...
#21 9.535 Selecting previously unselected package libxcomposite1:amd64.
#21 9.537 Preparing to unpack .../52-libxcomposite1_1%3a0.4.5-1build2_amd64.deb ...
#21 9.547 Unpacking libxcomposite1:amd64 (1:0.4.5-1build2) ...
#21 9.614 Selecting previously unselected package libxdamage1:amd64.
#21 9.616 Preparing to unpack .../53-libxdamage1_1%3a1.1.5-2build2_amd64.deb ...
#21 9.625 Unpacking libxdamage1:amd64 (1:1.1.5-2build2) ...
#21 9.697 Selecting previously unselected package libxkbcommon0:amd64.
#21 9.700 Preparing to unpack .../54-libxkbcommon0_1.4.0-1_amd64.deb ...
#21 9.709 Unpacking libxkbcommon0:amd64 (1.4.0-1) ...
#21 9.786 Selecting previously unselected package libxrandr2:amd64.
#21 9.788 Preparing to unpack .../55-libxrandr2_2%3a1.5.2-1build1_amd64.deb ...
#21 9.798 Unpacking libxrandr2:amd64 (2:1.5.2-1build1) ...
#21 9.870 Selecting previously unselected package pkg-config.
#21 9.872 Preparing to unpack .../56-pkg-config_0.29.2-1ubuntu3_amd64.deb ...
#21 9.883 Unpacking pkg-config (0.29.2-1ubuntu3) ...
#21 9.959 Setting up libwayland-server0:amd64 (1.20.0-1ubuntu0.1) ...
#21 9.988 Setting up session-migration (0.3.6) ...
#21 10.11 Created symlink /etc/systemd/user/graphical-session-pre.target.wants/session-migration.service → /usr/lib/systemd/user/session-migration.service.
#21 10.13 Setting up systemd-sysv (249.11-0ubuntu3.12) ...
#21 10.16 Setting up libxdamage1:amd64 (1:1.1.5-2build2) ...
#21 10.18 Setting up libxi6:amd64 (2:1.8-1build1) ...
#21 10.21 Setting up x11-common (1:7.7+23ubuntu2) ...
#21 10.43 invoke-rc.d: could not determine current runlevel
#21 10.44 invoke-rc.d: policy-rc.d denied execution of start.
#21 10.45 Setting up libnss-systemd:amd64 (249.11-0ubuntu3.12) ...
#21 10.47 First installation detected...
#21 10.47 Checking NSS setup...
#21 10.48 Setting up xkb-data (2.33-1) ...
#21 10.51 Setting up perl-modules-5.34 (5.34.0-3ubuntu1.3) ...
#21 10.54 Setting up bzip2 (1.0.8-5build1) ...
#21 10.57 Setting up libdconf1:amd64 (0.40.0-3) ...
#21 10.59 Setting up libasound2-data (1.2.6.1-1ubuntu1) ...
#21 10.62 Setting up libnspr4:amd64 (2:4.35-0ubuntu0.22.04.1) ...
#21 10.66 Setting up libavahi-common-data:amd64 (0.8-5ubuntu5.2) ...
#21 10.68 Setting up libdbus-1-3:amd64 (1.12.20-2ubuntu4.1) ...
#21 10.72 Setting up dbus (1.12.20-2ubuntu4.1) ...
#21 10.91 Setting up xz-utils (5.2.5-2ubuntu1) ...
#21 10.94 update-alternatives: using /usr/bin/xz to provide /usr/bin/lzma (lzma) in auto mode
#21 10.94 update-alternatives: warning: skip creation of /usr/share/man/man1/lzma.1.gz because associated file /usr/share/man/man1/xz.1.gz (of link group lzma) doesn't exist
#21 10.94 update-alternatives: warning: skip creation of /usr/share/man/man1/unlzma.1.gz because associated file /usr/share/man/man1/unxz.1.gz (of link group lzma) doesn't exist
#21 10.94 update-alternatives: warning: skip creation of /usr/share/man/man1/lzcat.1.gz because associated file /usr/share/man/man1/xzcat.1.gz (of link group lzma) doesn't exist
#21 10.94 update-alternatives: warning: skip creation of /usr/share/man/man1/lzmore.1.gz because associated file /usr/share/man/man1/xzmore.1.gz (of link group lzma) doesn't exist
#21 10.94 update-alternatives: warning: skip creation of /usr/share/man/man1/lzless.1.gz because associated file /usr/share/man/man1/xzless.1.gz (of link group lzma) doesn't exist
#21 10.94 update-alternatives: warning: skip creation of /usr/share/man/man1/lzdiff.1.gz because associated file /usr/share/man/man1/xzdiff.1.gz (of link group lzma) doesn't exist
#21 10.94 update-alternatives: warning: skip creation of /usr/share/man/man1/lzcmp.1.gz because associated file /usr/share/man/man1/xzcmp.1.gz (of link group lzma) doesn't exist
#21 10.94 update-alternatives: warning: skip creation of /usr/share/man/man1/lzgrep.1.gz because associated file /usr/share/man/man1/xzgrep.1.gz (of link group lzma) doesn't exist
#21 10.94 update-alternatives: warning: skip creation of /usr/share/man/man1/lzegrep.1.gz because associated file /usr/share/man/man1/xzegrep.1.gz (of link group lzma) doesn't exist
#21 10.94 update-alternatives: warning: skip creation of /usr/share/man/man1/lzfgrep.1.gz because associated file /usr/share/man/man1/xzfgrep.1.gz (of link group lzma) doesn't exist
#21 10.96 Setting up libssl-dev:amd64 (3.0.2-0ubuntu1.18) ...
#21 10.99 Setting up systemd-timesyncd (249.11-0ubuntu3.12) ...
#21 11.24 Created symlink /etc/systemd/system/dbus-org.freedesktop.timesync1.service → /lib/systemd/system/systemd-timesyncd.service.
#21 11.24 Created symlink /etc/systemd/system/sysinit.target.wants/systemd-timesyncd.service → /lib/systemd/system/systemd-timesyncd.service.
#21 11.26 Setting up libxrandr2:amd64 (2:1.5.2-1build1) ...
#21 11.29 Setting up libatk1.0-data (2.36.0-3build1) ...
#21 11.32 Setting up alsa-topology-conf (1.2.5.1-2) ...
#21 11.34 Setting up dmsetup (2:1.02.175-2.1ubuntu4) ...
#21 11.37 Setting up libxcb-randr0:amd64 (1.14-3ubuntu3) ...
#21 11.40 Setting up libasound2:amd64 (1.2.6.1-1ubuntu1) ...
#21 11.43 Setting up libpam-systemd:amd64 (249.11-0ubuntu3.12) ...
#21 11.56 Setting up libgirepository-1.0-1:amd64 (1.72.0-1) ...
#21 11.59 Setting up netbase (6.3) ...
#21 11.66 Setting up libatk1.0-0:amd64 (2.36.0-3build1) ...
#21 11.69 Setting up libxcomposite1:amd64 (1:0.4.5-1build2) ...
#21 11.72 Setting up liblocale-gettext-perl (1.07-4build3) ...
#21 11.75 Setting up libgdbm6:amd64 (1.23-1) ...
#21 11.78 Setting up libxkbcommon0:amd64 (1.4.0-1) ...
#21 11.80 Setting up libwayland-client0:amd64 (1.20.0-1ubuntu0.1) ...
#21 11.83 Setting up python3-dbus (1.2.18-3build1) ...
#21 11.97 Setting up libgbm1:amd64 (23.2.1-1ubuntu3.1~22.04.3) ...
#21 12.00 Setting up alsa-ucm-conf (1.2.6.3-1ubuntu1.12) ...
#21 12.03 Setting up libxtst6:amd64 (2:1.2.3-1build4) ...
#21 12.05 Setting up libavahi-common3:amd64 (0.8-5ubuntu5.2) ...
#21 12.08 Setting up libnss3:amd64 (2:3.98-0ubuntu0.22.04.2) ...
#21 12.11 Setting up libatspi2.0-0:amd64 (2.44.0-3) ...
#21 12.14 Setting up libatk-bridge2.0-0:amd64 (2.38.0-3) ...
#21 12.17 Setting up dbus-user-session (1.12.20-2ubuntu4.1) ...
#21 12.21 Setting up libgdbm-compat4:amd64 (1.23-1) ...
#21 12.24 Setting up gir1.2-glib-2.0:amd64 (1.72.0-1) ...
#21 12.27 Setting up libavahi-client3:amd64 (0.8-5ubuntu5.2) ...
#21 12.29 Setting up libperl5.34:amd64 (5.34.0-3ubuntu1.3) ...
#21 12.32 Setting up dconf-service (0.40.0-3) ...
#21 12.35 Setting up perl (5.34.0-3ubuntu1.3) ...
#21 12.39 Setting up python3-gi (3.42.1-0ubuntu1) ...
#21 12.54 Setting up libdpkg-perl (1.21.1ubuntu2.3) ...
#21 12.57 Setting up libcups2:amd64 (2.4.1op1-1ubuntu4.11) ...
#21 12.59 Setting up networkd-dispatcher (2.1-2ubuntu0.22.04.2) ...
#21 12.71 Created symlink /etc/systemd/system/multi-user.target.wants/networkd-dispatcher.service → /lib/systemd/system/networkd-dispatcher.service.
#21 12.72 Setting up dconf-gsettings-backend:amd64 (0.40.0-3) ...
#21 12.75 Setting up libfile-fcntllock-perl (0.22-3build7) ...
#21 12.78 Setting up pkg-config (0.29.2-1ubuntu3) ...
#21 12.84 Setting up gsettings-desktop-schemas (42.0-1ubuntu1) ...
#21 12.87 Processing triggers for libglib2.0-0:amd64 (2.72.4-0ubuntu2.4) ...
#21 12.90 Processing triggers for libc-bin (2.35-0ubuntu3.8) ...
#21 12.94 Setting up at-spi2-core (2.44.0-3) ...
#21 DONE 13.2s

#22 [test 10/11] RUN set -xu && 	cd /root/oko/backend && 	cargo test; exit 0
#22 0.580 + cd /root/oko/backend
#22 0.580 + cargo test
#22 0.805  Downloading crates ...
#22 1.116   Downloaded base64 v0.13.1
#22 1.154   Downloaded strong v0.3.4
#22 1.156   Downloaded ident_case v1.0.1
#22 1.158   Downloaded darling_macro v0.13.4
#22 1.160   Downloaded sync_wrapper v0.1.2
#22 1.172   Downloaded try-lock v0.2.5
#22 1.175   Downloaded want v0.3.1
#22 1.185   Downloaded crc32fast v1.4.2
#22 1.192   Downloaded adler2 v2.0.0
#22 1.198   Downloaded hyper-tls v0.5.0
#22 1.201   Downloaded rustls-pemfile v1.0.4
#22 1.205   Downloaded darling v0.13.4
#22 1.209   Downloaded dirs v3.0.2
#22 1.215   Downloaded http-body v0.4.6
#22 1.218   Downloaded strsim v0.10.0
#22 1.221   Downloaded dirs-sys v0.3.7
#22 1.226   Downloaded serde_with_macros v1.5.2
#22 1.228   Downloaded bzip2 v0.4.4
#22 1.232   Downloaded time v0.1.45
#22 1.234   Downloaded ipnet v2.10.1
#22 1.248   Downloaded zip v0.5.13
#22 1.254   Downloaded miniz_oxide v0.8.0
#22 1.260   Downloaded darling_core v0.13.4
#22 1.268   Downloaded base64 v0.21.7
#22 1.278   Downloaded http v0.2.12
#22 1.285   Downloaded serde_with v1.14.0
#22 1.294   Downloaded reqwest v0.11.27
#22 1.304   Downloaded itertools v0.10.5
#22 1.315   Downloaded hyper v0.14.31
#22 1.325   Downloaded h2 v0.3.26
#22 1.336   Downloaded syn v1.0.109
#22 1.348   Downloaded flate2 v1.0.35
#22 1.356   Downloaded playwright v0.0.20
#22 1.372   Downloaded bzip2-sys v0.1.11+1.0.8
#22 1.385   Downloaded encoding_rs v0.8.35
#22 1.486    Compiling bitflags v2.6.0
#22 1.489    Compiling futures-util v0.3.31
#22 1.489    Compiling openssl-sys v0.9.104
#22 1.491    Compiling foreign-types-shared v0.1.1
#22 1.492    Compiling openssl v0.10.68
#22 1.493    Compiling openssl-macros v0.1.1
#22 1.493    Compiling native-tls v0.2.12
#22 1.496    Compiling openssl-probe v0.1.5
#22 1.499    Compiling idna v1.0.3
#22 1.502    Compiling rustix v0.38.42
#22 1.504    Compiling tokio-stream v0.1.17
#22 1.504    Compiling http v0.2.12
#22 1.505    Compiling linux-raw-sys v0.4.14
#22 1.508    Compiling syn v1.0.109
#22 1.509    Compiling flume v0.11.1
#22 1.574    Compiling foreign-types v0.3.2
#22 1.586    Compiling tokio-util v0.7.13
#22 1.678    Compiling fastrand v2.3.0
#22 1.756    Compiling try-lock v0.2.5
#22 1.784    Compiling strsim v0.10.0
#22 1.840    Compiling want v0.3.1
#22 1.842    Compiling ident_case v1.0.1
#22 1.843    Compiling bzip2-sys v0.1.11+1.0.8
#22 1.901    Compiling base64 v0.21.7
#22 1.960    Compiling url v2.5.4
#22 1.987    Compiling encoding_rs v0.8.35
#22 1.998    Compiling ipnet v2.10.1
#22 2.165    Compiling adler2 v2.0.0
#22 2.175    Compiling sync_wrapper v0.1.2
#22 2.258    Compiling rustls-pemfile v1.0.4
#22 2.272    Compiling miniz_oxide v0.8.0
#22 2.310    Compiling crc32fast v1.4.2
#22 2.454    Compiling time v0.1.45
#22 2.457    Compiling dirs-sys v0.3.7
#22 2.464    Compiling itertools v0.10.5
#22 2.464    Compiling strong v0.3.4
#22 2.533    Compiling base64 v0.13.1
#22 2.630    Compiling dirs v3.0.2
#22 2.665    Compiling http-body v0.4.6
#22 2.895    Compiling flate2 v1.0.35
#22 3.293    Compiling bzip2 v0.4.4
#22 3.377    Compiling zip v0.5.13
#22 3.884    Compiling tempfile v3.14.0
#22 4.306    Compiling futures-executor v0.3.31
#22 4.306    Compiling sqlx-core v0.8.2
#22 4.306    Compiling h2 v0.3.26
#22 4.408    Compiling http-body-util v0.1.2
#22 4.408    Compiling hyper v1.5.1
#22 4.408    Compiling tower v0.5.2
#22 4.521    Compiling futures v0.3.31
#22 4.611    Compiling axum-core v0.4.5
#22 4.776    Compiling tower-http v0.6.2
#22 5.017    Compiling darling_core v0.13.4
#22 5.165    Compiling hyper-util v0.1.10
#22 6.553    Compiling tokio-native-tls v0.3.1
#22 6.553    Compiling tungstenite v0.24.0
#22 6.619    Compiling darling_macro v0.13.4
#22 6.688    Compiling tower-sessions-core v0.13.0
#22 6.688    Compiling tower-cookies v0.10.0
#22 6.688    Compiling axum-embed v0.1.0
#22 6.974    Compiling sqlx-sqlite v0.8.2
#22 7.248    Compiling tokio-tungstenite v0.24.0
#22 7.253    Compiling tower-sessions-memory-store v0.13.0
#22 7.377    Compiling tower-sessions v0.13.0
#22 7.396    Compiling darling v0.13.4
#22 7.441    Compiling serde_with_macros v1.5.2
#22 7.508    Compiling axum v0.7.9
#22 7.508    Compiling ws-utils v0.0.0 (/root/oko/backend/utils/ws-utils)
#22 8.245    Compiling serde_with v1.14.0
#22 8.455    Compiling hyper v0.14.31
#22 8.663    Compiling sqlx-macros-core v0.8.2
#22 9.727    Compiling sqlx-macros v0.8.2
#22 10.57    Compiling axum-login v0.16.0
#22 10.80    Compiling hyper-tls v0.5.0
#22 10.89    Compiling reqwest v0.11.27
#22 11.36    Compiling sqlx v0.8.2
#22 11.42    Compiling tower-sessions-sqlx-store v0.14.2
#22 11.78    Compiling oko v0.1.2 (/root/oko/backend)
#22 12.29    Compiling playwright v0.0.20
#22 32.75     Finished `test` profile [unoptimized + debuginfo] target(s) in 31.92s
#22 33.18      Running unittests src/lib.rs (target/debug/deps/oko-07c82b928d3a393e)
#22 33.19 
#22 33.19 running 28 tests
#22 33.66 test db::camera::tests::get ... ok
#22 33.66 test db::camera::tests::get_using_ip ... ok
#22 33.70 test db::camera::tests::create ... ok
#22 33.72 test db::camera::tests::delete ... ok
#22 33.74 test db::camera::tests::update ... ok
#22 33.78 test db::camera_permission::tests::get ... ok
#22 33.80 test db::camera_setting::tests::get ... ok
#22 33.82 test db::camera_permission::tests::list_for_camera_with_username ... ok
#22 33.82 test db::camera::tests::list_accessible_to_user ... ok
#22 33.82 test db::camera_permission::tests::list_for_camera ... ok
#22 33.92 test db::camera_setting::tests::update ... ok
#22 33.92 test db::camera_permission::tests::update ... ok
#22 33.93 test db::camera_permission::tests::delete ... ok
#22 33.93 test db::camera_setting::tests::create ... ok
#22 33.93 test db::camera_permission::tests::create ... ok
#22 33.93 test db::camera_setting::tests::delete ... ok
#22 34.01 test db::user::tests::create_existing ... ok
#22 34.09 test db::user::tests::get ... ok
#22 34.11 test db::user::tests::create ... ok
#22 34.11 test db::user::tests::get_using_username ... ok
#22 34.18 test db::user::tests::to_redacted_clone ... ok
#22 34.19 test db::user::tests::delete ... ok
#22 34.30 test db::user::tests::update ... ok
#22 34.33 test db::video::tests::get ... ok
#22 34.38 test db::video::tests::list_for_camera ... ok
#22 34.40 test db::video::tests::create ... ok
#22 34.40 test db::video::tests::delete ... ok
#22 34.45 test db::video::tests::update ... ok
#22 34.45 
#22 34.45 test result: ok. 28 passed; 0 failed; 0 ignored; 0 measured; 0 filtered out; finished in 1.25s
#22 34.45 
#22 34.45      Running unittests src/main.rs (target/debug/deps/oko-13b09a8f75ca55e6)
#22 34.45 
#22 34.45 running 0 tests
#22 34.45 
#22 34.45 test result: ok. 0 passed; 0 failed; 0 ignored; 0 measured; 0 filtered out; finished in 0.00s
#22 34.45 
#22 34.45      Running tests/api.rs (target/debug/deps/api-6237c0663de291ee)
#22 34.45 
#22 34.45 running 0 tests
#22 34.45 
#22 34.45 test result: ok. 0 passed; 0 failed; 0 ignored; 0 measured; 0 filtered out; finished in 0.00s
#22 34.45 
#22 34.45      Running tests/app.rs (target/debug/deps/app-ea0acbeb6ae336a8)
#22 34.45 
#22 34.45 running 0 tests
#22 34.45 
#22 34.45 test result: ok. 0 passed; 0 failed; 0 ignored; 0 measured; 0 filtered out; finished in 0.00s
#22 34.45 
#22 34.45      Running tests/db.rs (target/debug/deps/db-cf395a4adede822c)
#22 34.47 
#22 34.47 running 2 tests
#22 34.89 test user_on_delete ... ok
#22 34.93 test camera_on_delete ... ok
#22 34.93 
#22 34.93 test result: ok. 2 passed; 0 failed; 0 ignored; 0 measured; 0 filtered out; finished in 0.47s
#22 34.93 
#22 34.94      Running tests/utils.rs (target/debug/deps/utils-746b119b2fa42b62)
#22 34.94 
#22 34.94 running 0 tests
#22 34.94 
#22 34.94 test result: ok. 0 passed; 0 failed; 0 ignored; 0 measured; 0 filtered out; finished in 0.00s
#22 34.94 
#22 34.94      Running tests/web.rs (target/debug/deps/web-30f027e0f8f401f7)
#22 35.08 
#22 35.08 running 10 tests
#22 43.03 
#22 46.54 chromium v878941 downloaded to /root/.cache/ms-playwright/chromium-878941
#22 46.68 test record ... FAILED
#22 46.68 test multi_camera_record ... FAILED
#22 46.71 test download_video ... FAILED
#22 46.81 
#22 46.87 ffmpeg v1005 downloaded to /root/.cache/ms-playwright/ffmpeg-1005
#22 47.25 test home_redirect ... ok
#22 48.14 test live_feed ... ok
#22 48.67 test camera_user_permission_updates ... ok
#22 51.21 test camera_user_can_view ... ok
#22 51.35 test login_and_logout ... ok
#22 51.36 test home_feeds ... ok
#22 51.78 test camera_add_remove ... ok
#22 51.78 
#22 51.78 failures:
#22 51.78 
#22 51.78 ---- record stdout ----
#22 51.78 Error: InitializationError
#22 51.78 
#22 51.78 ---- multi_camera_record stdout ----
#22 51.78 Error: InitializationError
#22 51.78 
#22 51.78 ---- download_video stdout ----
#22 51.78 Error: InitializationError
#22 51.78 
#22 51.78 
#22 51.78 failures:
#22 51.78     download_video
#22 51.78     multi_camera_record
#22 51.78     record
#22 51.78 
#22 51.78 test result: FAILED. 7 passed; 3 failed; 0 ignored; 0 measured; 0 filtered out; finished in 16.70s
#22 51.78 
#22 51.81 error: test failed, to rerun pass `--test web`
#22 51.83 + exit 0
#22 DONE 52.2s

#23 [test 11/11] RUN set -xeu && 	cd /root/oko/backend && 	cargo test
#23 0.590 + cd /root/oko/backend
#23 0.590 + cargo test
#23 0.969     Finished `test` profile [unoptimized + debuginfo] target(s) in 0.33s
#23 0.983      Running unittests src/lib.rs (target/debug/deps/oko-07c82b928d3a393e)
#23 0.986 
#23 0.986 running 28 tests
#23 1.191 test db::camera::tests::get_using_ip ... ok
#23 1.191 test db::camera::tests::get ... ok
#23 1.224 test db::camera::tests::create ... ok
#23 1.224 test db::camera::tests::delete ... ok
#23 1.228 test db::camera::tests::update ... ok
#23 1.239 test db::camera_permission::tests::get ... ok
#23 1.239 test db::camera_permission::tests::list_for_camera_with_username ... ok
#23 1.249 test db::camera_permission::tests::list_for_camera ... ok
#23 1.259 test db::camera::tests::list_accessible_to_user ... ok
#23 1.259 test db::camera_setting::tests::get ... ok
#23 1.278 test db::camera_setting::tests::create ... ok
#23 1.278 test db::camera_setting::tests::delete ... ok
#23 1.298 test db::camera_permission::tests::create ... ok
#23 1.303 test db::camera_permission::tests::update ... ok
#23 1.304 test db::camera_setting::tests::update ... ok
#23 1.305 test db::camera_permission::tests::delete ... ok
#23 1.347 test db::user::tests::create_existing ... ok
#23 1.385 test db::user::tests::create ... ok
#23 1.385 test db::user::tests::get ... ok
#23 1.385 test db::user::tests::get_using_username ... ok
#23 1.399 test db::user::tests::to_redacted_clone ... ok
#23 1.416 test db::user::tests::delete ... ok
#23 1.429 test db::user::tests::update ... ok
#23 1.449 test db::video::tests::list_for_camera ... ok
#23 1.449 test db::video::tests::get ... ok
#23 1.467 test db::video::tests::create ... ok
#23 1.477 test db::video::tests::delete ... ok
#23 1.481 test db::video::tests::update ... ok
#23 1.481 
#23 1.481 test result: ok. 28 passed; 0 failed; 0 ignored; 0 measured; 0 filtered out; finished in 0.49s
#23 1.481 
#23 1.482      Running unittests src/main.rs (target/debug/deps/oko-13b09a8f75ca55e6)
#23 1.485 
#23 1.485 running 0 tests
#23 1.485 
#23 1.485 test result: ok. 0 passed; 0 failed; 0 ignored; 0 measured; 0 filtered out; finished in 0.00s
#23 1.485 
#23 1.485      Running tests/api.rs (target/debug/deps/api-6237c0663de291ee)
#23 1.486 
#23 1.486 running 0 tests
#23 1.486 
#23 1.486 test result: ok. 0 passed; 0 failed; 0 ignored; 0 measured; 0 filtered out; finished in 0.00s
#23 1.486 
#23 1.487      Running tests/app.rs (target/debug/deps/app-ea0acbeb6ae336a8)
#23 1.488 
#23 1.488 running 0 tests
#23 1.488 
#23 1.488 test result: ok. 0 passed; 0 failed; 0 ignored; 0 measured; 0 filtered out; finished in 0.00s
#23 1.488 
#23 1.488      Running tests/db.rs (target/debug/deps/db-cf395a4adede822c)
#23 1.491 
#23 1.491 running 2 tests
#23 1.676 test user_on_delete ... ok
#23 1.709 test camera_on_delete ... ok
#23 1.709 
#23 1.709 test result: ok. 2 passed; 0 failed; 0 ignored; 0 measured; 0 filtered out; finished in 0.22s
#23 1.709 
#23 1.710      Running tests/utils.rs (target/debug/deps/utils-746b119b2fa42b62)
#23 1.712 
#23 1.712 running 0 tests
#23 1.713 
#23 1.713 test result: ok. 0 passed; 0 failed; 0 ignored; 0 measured; 0 filtered out; finished in 0.00s
#23 1.713 
#23 1.713      Running tests/web.rs (target/debug/deps/web-30f027e0f8f401f7)
#23 1.733 
#23 1.733 running 10 tests
#23 3.271 test home_redirect ... ok
#23 3.931 test camera_user_can_view ... ok
#23 3.937 test home_feeds ... ok
#23 4.133 test login_and_logout ... ok
#23 4.220 test live_feed ... ok
#23 4.627 test camera_add_remove ... ok
#23 4.848 test multi_camera_record ... ok
#23 5.422 test camera_user_permission_updates ... ok
#23 5.609 test download_video ... ok
#23 5.670 test record ... ok
#23 5.670 
#23 5.670 test result: ok. 10 passed; 0 failed; 0 ignored; 0 measured; 0 filtered out; finished in 3.94s
#23 5.670 
#23 5.683    Doc-tests oko
#23 5.906 
#23 5.906 running 0 tests
#23 5.906 
#23 5.906 test result: ok. 0 passed; 0 failed; 0 ignored; 0 measured; 0 filtered out; finished in 0.00s
#23 5.906 
#23 DONE 6.0s

#24 exporting to image
#24 exporting layers
#24 exporting layers 7.0s done
#24 writing image sha256:a488598dfb815822ec7947883542b48034a47d97544abb04e15080ddf108965a done
#24 DONE 7.0s
